<?xml version="1.0" encoding="UTF-8"?>
<testsuite name="com.capgeminiproyect.Pokedex.PokedexApplicationTests" tests="1" skipped="0" failures="0" errors="0" timestamp="2021-01-18T04:16:54" hostname="EDUARDO" time="0.499">
  <properties/>
  <testcase name="contextLoads()" classname="com.capgeminiproyect.Pokedex.PokedexApplicationTests" time="0.499"/>
  <system-out><![CDATA[22:16:40.957 [Test worker] DEBUG org.springframework.test.context.BootstrapUtils - Instantiating CacheAwareContextLoaderDelegate from class [org.springframework.test.context.cache.DefaultCacheAwareContextLoaderDelegate]
22:16:40.977 [Test worker] DEBUG org.springframework.test.context.BootstrapUtils - Instantiating BootstrapContext using constructor [public org.springframework.test.context.support.DefaultBootstrapContext(java.lang.Class,org.springframework.test.context.CacheAwareContextLoaderDelegate)]
22:16:41.057 [Test worker] DEBUG org.springframework.test.context.BootstrapUtils - Instantiating TestContextBootstrapper for test class [com.capgeminiproyect.Pokedex.PokedexApplicationTests] from class [org.springframework.boot.test.context.SpringBootTestContextBootstrapper]
22:16:41.077 [Test worker] INFO org.springframework.boot.test.context.SpringBootTestContextBootstrapper - Neither @ContextConfiguration nor @ContextHierarchy found for test class [com.capgeminiproyect.Pokedex.PokedexApplicationTests], using SpringBootContextLoader
22:16:41.087 [Test worker] DEBUG org.springframework.test.context.support.AbstractContextLoader - Did not detect default resource location for test class [com.capgeminiproyect.Pokedex.PokedexApplicationTests]: class path resource [com/capgeminiproyect/Pokedex/PokedexApplicationTests-context.xml] does not exist
22:16:41.087 [Test worker] DEBUG org.springframework.test.context.support.AbstractContextLoader - Did not detect default resource location for test class [com.capgeminiproyect.Pokedex.PokedexApplicationTests]: class path resource [com/capgeminiproyect/Pokedex/PokedexApplicationTestsContext.groovy] does not exist
22:16:41.087 [Test worker] INFO org.springframework.test.context.support.AbstractContextLoader - Could not detect default resource locations for test class [com.capgeminiproyect.Pokedex.PokedexApplicationTests]: no resource found for suffixes {-context.xml, Context.groovy}.
22:16:41.087 [Test worker] INFO org.springframework.test.context.support.AnnotationConfigContextLoaderUtils - Could not detect default configuration classes for test class [com.capgeminiproyect.Pokedex.PokedexApplicationTests]: PokedexApplicationTests does not declare any static, non-private, non-final, nested classes annotated with @Configuration.
22:16:41.172 [Test worker] DEBUG org.springframework.test.context.support.ActiveProfilesUtils - Could not find an 'annotation declaring class' for annotation type [org.springframework.test.context.ActiveProfiles] and class [com.capgeminiproyect.Pokedex.PokedexApplicationTests]
22:16:41.332 [Test worker] DEBUG org.springframework.context.annotation.ClassPathScanningCandidateComponentProvider - Identified candidate component class: file [C:\Users\saipo\Documents\GitHub\Pokemon10\Pokedex\Pokedex\build\classes\java\main\com\capgeminiproyect\Pokedex\PokedexApplication.class]
22:16:41.337 [Test worker] INFO org.springframework.boot.test.context.SpringBootTestContextBootstrapper - Found @SpringBootConfiguration com.capgeminiproyect.Pokedex.PokedexApplication for test class com.capgeminiproyect.Pokedex.PokedexApplicationTests
22:16:41.632 [Test worker] DEBUG org.springframework.boot.test.context.SpringBootTestContextBootstrapper - @TestExecutionListeners is not present for class [com.capgeminiproyect.Pokedex.PokedexApplicationTests]: using defaults.
22:16:41.634 [Test worker] INFO org.springframework.boot.test.context.SpringBootTestContextBootstrapper - Loaded default TestExecutionListener class names from location [META-INF/spring.factories]: [org.springframework.boot.test.autoconfigure.restdocs.RestDocsTestExecutionListener, org.springframework.boot.test.autoconfigure.web.client.MockRestServiceServerResetTestExecutionListener, org.springframework.boot.test.autoconfigure.web.servlet.MockMvcPrintOnlyOnFailureTestExecutionListener, org.springframework.boot.test.autoconfigure.web.servlet.WebDriverTestExecutionListener, org.springframework.boot.test.autoconfigure.webservices.client.MockWebServiceServerTestExecutionListener, org.springframework.boot.test.mock.mockito.MockitoTestExecutionListener, org.springframework.boot.test.mock.mockito.ResetMocksTestExecutionListener, org.springframework.test.context.web.ServletTestExecutionListener, org.springframework.test.context.support.DirtiesContextBeforeModesTestExecutionListener, org.springframework.test.context.event.ApplicationEventsTestExecutionListener, org.springframework.test.context.support.DependencyInjectionTestExecutionListener, org.springframework.test.context.support.DirtiesContextTestExecutionListener, org.springframework.test.context.transaction.TransactionalTestExecutionListener, org.springframework.test.context.jdbc.SqlScriptsTestExecutionListener, org.springframework.test.context.event.EventPublishingTestExecutionListener]
22:16:41.685 [Test worker] INFO org.springframework.boot.test.context.SpringBootTestContextBootstrapper - Using TestExecutionListeners: [org.springframework.test.context.web.ServletTestExecutionListener@6a3ec1b9, org.springframework.test.context.support.DirtiesContextBeforeModesTestExecutionListener@18cada4a, org.springframework.test.context.event.ApplicationEventsTestExecutionListener@496e1a57, org.springframework.boot.test.mock.mockito.MockitoTestExecutionListener@6b4af170, org.springframework.boot.test.autoconfigure.SpringBootDependencyInjectionTestExecutionListener@77e5d6a9, org.springframework.test.context.support.DirtiesContextTestExecutionListener@39334a95, org.springframework.test.context.transaction.TransactionalTestExecutionListener@b64346, org.springframework.test.context.jdbc.SqlScriptsTestExecutionListener@3ccbe351, org.springframework.test.context.event.EventPublishingTestExecutionListener@65c22aff, org.springframework.boot.test.autoconfigure.restdocs.RestDocsTestExecutionListener@4686a330, org.springframework.boot.test.autoconfigure.web.client.MockRestServiceServerResetTestExecutionListener@741874d5, org.springframework.boot.test.autoconfigure.web.servlet.MockMvcPrintOnlyOnFailureTestExecutionListener@17aac06c, org.springframework.boot.test.autoconfigure.web.servlet.WebDriverTestExecutionListener@634b85b4, org.springframework.boot.test.autoconfigure.webservices.client.MockWebServiceServerTestExecutionListener@10a735ce, org.springframework.boot.test.mock.mockito.ResetMocksTestExecutionListener@27ae55d3]
22:16:41.695 [Test worker] DEBUG org.springframework.test.context.support.AbstractDirtiesContextTestExecutionListener - Before test class: context [DefaultTestContext@41185c8d testClass = PokedexApplicationTests, testInstance = [null], testMethod = [null], testException = [null], mergedContextConfiguration = [WebMergedContextConfiguration@29259976 testClass = PokedexApplicationTests, locations = '{}', classes = '{class com.capgeminiproyect.Pokedex.PokedexApplication}', contextInitializerClasses = '[]', activeProfiles = '{}', propertySourceLocations = '{}', propertySourceProperties = '{org.springframework.boot.test.context.SpringBootTestContextBootstrapper=true}', contextCustomizers = set[org.springframework.boot.test.autoconfigure.actuate.metrics.MetricsExportContextCustomizerFactory$DisableMetricExportContextCustomizer@2ed4a562, org.springframework.boot.test.autoconfigure.properties.PropertyMappingContextCustomizer@0, org.springframework.boot.test.autoconfigure.web.servlet.WebDriverContextCustomizerFactory$Customizer@67e1efcc, org.springframework.boot.test.context.filter.ExcludeFilterContextCustomizer@43c385ba, org.springframework.boot.test.json.DuplicateJsonObjectContextCustomizerFactory$DuplicateJsonObjectContextCustomizer@2780f153, org.springframework.boot.test.mock.mockito.MockitoContextCustomizer@0, org.springframework.boot.test.web.client.TestRestTemplateContextCustomizer@5a721b1d, org.springframework.boot.test.context.SpringBootTestArgs@1, org.springframework.boot.test.context.SpringBootTestWebEnvironment@6e4bc5f1], resourceBasePath = 'src/main/webapp', contextLoader = 'org.springframework.boot.test.context.SpringBootContextLoader', parent = [null]], attributes = map['org.springframework.test.context.web.ServletTestExecutionListener.activateListener' -> true]], class annotated with @DirtiesContext [false] with mode [null].
22:16:41.795 [Test worker] DEBUG org.springframework.test.context.support.TestPropertySourceUtils - Adding inlined properties to environment: {spring.jmx.enabled=false, org.springframework.boot.test.context.SpringBootTestContextBootstrapper=true}

  .   ____          _            __ _ _
 /\\ / ___'_ __ _ _(_)_ __  __ _ \ \ \ \
( ( )\___ | '_ | '_| | '_ \/ _` | \ \ \ \
 \\/  ___)| |_)| | | | | || (_| |  ) ) ) )
  '  |____| .__|_| |_|_| |_\__, | / / / /
 =========|_|==============|___/=/_/_/_/
 :: Spring Boot ::                (v2.4.2)

2021-01-17 22:16:42.591  INFO 16992 --- [    Test worker] c.c.Pokedex.PokedexApplicationTests      : Starting PokedexApplicationTests using Java 15.0.1 on EDUARDO with PID 16992 (started by saipo in C:\Users\saipo\Documents\GitHub\Pokemon10\Pokedex\Pokedex)
2021-01-17 22:16:42.602  INFO 16992 --- [    Test worker] c.c.Pokedex.PokedexApplicationTests      : No active profile set, falling back to default profiles: default
2021-01-17 22:16:44.487  INFO 16992 --- [    Test worker] .s.d.r.c.RepositoryConfigurationDelegate : Bootstrapping Spring Data JPA repositories in DEFAULT mode.
2021-01-17 22:16:44.672  INFO 16992 --- [    Test worker] .s.d.r.c.RepositoryConfigurationDelegate : Finished Spring Data repository scanning in 159 ms. Found 1 JPA repository interfaces.
2021-01-17 22:16:46.182  INFO 16992 --- [    Test worker] o.hibernate.jpa.internal.util.LogHelper  : HHH000204: Processing PersistenceUnitInfo [name: default]
2021-01-17 22:16:46.332  INFO 16992 --- [    Test worker] org.hibernate.Version                    : HHH000412: Hibernate ORM core version 5.4.27.Final
2021-01-17 22:16:46.647  INFO 16992 --- [    Test worker] o.hibernate.annotations.common.Version   : HCANN000001: Hibernate Commons Annotations {5.1.2.Final}
2021-01-17 22:16:46.722 DEBUG 16992 --- [    Test worker] org.hibernate.type.BasicTypeRegistry     : Adding type registration boolean -> org.hibernate.type.BooleanType@2399771c
2021-01-17 22:16:46.722 DEBUG 16992 --- [    Test worker] org.hibernate.type.BasicTypeRegistry     : Adding type registration boolean -> org.hibernate.type.BooleanType@2399771c
2021-01-17 22:16:46.722 DEBUG 16992 --- [    Test worker] org.hibernate.type.BasicTypeRegistry     : Adding type registration java.lang.Boolean -> org.hibernate.type.BooleanType@2399771c
2021-01-17 22:16:46.727 DEBUG 16992 --- [    Test worker] org.hibernate.type.BasicTypeRegistry     : Adding type registration numeric_boolean -> org.hibernate.type.NumericBooleanType@46712373
2021-01-17 22:16:46.727 DEBUG 16992 --- [    Test worker] org.hibernate.type.BasicTypeRegistry     : Adding type registration true_false -> org.hibernate.type.TrueFalseType@42755b48
2021-01-17 22:16:46.732 DEBUG 16992 --- [    Test worker] org.hibernate.type.BasicTypeRegistry     : Adding type registration yes_no -> org.hibernate.type.YesNoType@13092547
2021-01-17 22:16:46.737 DEBUG 16992 --- [    Test worker] org.hibernate.type.BasicTypeRegistry     : Adding type registration byte -> org.hibernate.type.ByteType@1d584742
2021-01-17 22:16:46.737 DEBUG 16992 --- [    Test worker] org.hibernate.type.BasicTypeRegistry     : Adding type registration byte -> org.hibernate.type.ByteType@1d584742
2021-01-17 22:16:46.742 DEBUG 16992 --- [    Test worker] org.hibernate.type.BasicTypeRegistry     : Adding type registration java.lang.Byte -> org.hibernate.type.ByteType@1d584742
2021-01-17 22:16:46.747 DEBUG 16992 --- [    Test worker] org.hibernate.type.BasicTypeRegistry     : Adding type registration character -> org.hibernate.type.CharacterType@a313054
2021-01-17 22:16:46.752 DEBUG 16992 --- [    Test worker] org.hibernate.type.BasicTypeRegistry     : Adding type registration char -> org.hibernate.type.CharacterType@a313054
2021-01-17 22:16:46.752 DEBUG 16992 --- [    Test worker] org.hibernate.type.BasicTypeRegistry     : Adding type registration java.lang.Character -> org.hibernate.type.CharacterType@a313054
2021-01-17 22:16:46.757 DEBUG 16992 --- [    Test worker] org.hibernate.type.BasicTypeRegistry     : Adding type registration short -> org.hibernate.type.ShortType@4c4520db
2021-01-17 22:16:46.757 DEBUG 16992 --- [    Test worker] org.hibernate.type.BasicTypeRegistry     : Adding type registration short -> org.hibernate.type.ShortType@4c4520db
2021-01-17 22:16:46.757 DEBUG 16992 --- [    Test worker] org.hibernate.type.BasicTypeRegistry     : Adding type registration java.lang.Short -> org.hibernate.type.ShortType@4c4520db
2021-01-17 22:16:46.762 DEBUG 16992 --- [    Test worker] org.hibernate.type.BasicTypeRegistry     : Adding type registration integer -> org.hibernate.type.IntegerType@bbaa763
2021-01-17 22:16:46.762 DEBUG 16992 --- [    Test worker] org.hibernate.type.BasicTypeRegistry     : Adding type registration int -> org.hibernate.type.IntegerType@bbaa763
2021-01-17 22:16:46.762 DEBUG 16992 --- [    Test worker] org.hibernate.type.BasicTypeRegistry     : Adding type registration java.lang.Integer -> org.hibernate.type.IntegerType@bbaa763
2021-01-17 22:16:46.767 DEBUG 16992 --- [    Test worker] org.hibernate.type.BasicTypeRegistry     : Adding type registration long -> org.hibernate.type.LongType@1d7e204b
2021-01-17 22:16:46.767 DEBUG 16992 --- [    Test worker] org.hibernate.type.BasicTypeRegistry     : Adding type registration long -> org.hibernate.type.LongType@1d7e204b
2021-01-17 22:16:46.772 DEBUG 16992 --- [    Test worker] org.hibernate.type.BasicTypeRegistry     : Adding type registration java.lang.Long -> org.hibernate.type.LongType@1d7e204b
2021-01-17 22:16:46.772 DEBUG 16992 --- [    Test worker] org.hibernate.type.BasicTypeRegistry     : Adding type registration float -> org.hibernate.type.FloatType@1384040
2021-01-17 22:16:46.777 DEBUG 16992 --- [    Test worker] org.hibernate.type.BasicTypeRegistry     : Adding type registration float -> org.hibernate.type.FloatType@1384040
2021-01-17 22:16:46.780 DEBUG 16992 --- [    Test worker] org.hibernate.type.BasicTypeRegistry     : Adding type registration java.lang.Float -> org.hibernate.type.FloatType@1384040
2021-01-17 22:16:46.780 DEBUG 16992 --- [    Test worker] org.hibernate.type.BasicTypeRegistry     : Adding type registration double -> org.hibernate.type.DoubleType@278835e6
2021-01-17 22:16:46.780 DEBUG 16992 --- [    Test worker] org.hibernate.type.BasicTypeRegistry     : Adding type registration double -> org.hibernate.type.DoubleType@278835e6
2021-01-17 22:16:46.780 DEBUG 16992 --- [    Test worker] org.hibernate.type.BasicTypeRegistry     : Adding type registration java.lang.Double -> org.hibernate.type.DoubleType@278835e6
2021-01-17 22:16:46.787 DEBUG 16992 --- [    Test worker] org.hibernate.type.BasicTypeRegistry     : Adding type registration big_decimal -> org.hibernate.type.BigDecimalType@259a3457
2021-01-17 22:16:46.787 DEBUG 16992 --- [    Test worker] org.hibernate.type.BasicTypeRegistry     : Adding type registration java.math.BigDecimal -> org.hibernate.type.BigDecimalType@259a3457
2021-01-17 22:16:46.792 DEBUG 16992 --- [    Test worker] org.hibernate.type.BasicTypeRegistry     : Adding type registration big_integer -> org.hibernate.type.BigIntegerType@6b81fca0
2021-01-17 22:16:46.792 DEBUG 16992 --- [    Test worker] org.hibernate.type.BasicTypeRegistry     : Adding type registration java.math.BigInteger -> org.hibernate.type.BigIntegerType@6b81fca0
2021-01-17 22:16:46.797 DEBUG 16992 --- [    Test worker] org.hibernate.type.BasicTypeRegistry     : Adding type registration string -> org.hibernate.type.StringType@46ed5ecd
2021-01-17 22:16:46.797 DEBUG 16992 --- [    Test worker] org.hibernate.type.BasicTypeRegistry     : Adding type registration java.lang.String -> org.hibernate.type.StringType@46ed5ecd
2021-01-17 22:16:46.807 DEBUG 16992 --- [    Test worker] org.hibernate.type.BasicTypeRegistry     : Adding type registration nstring -> org.hibernate.type.StringNVarcharType@572f9310
2021-01-17 22:16:46.807 DEBUG 16992 --- [    Test worker] org.hibernate.type.BasicTypeRegistry     : Adding type registration ncharacter -> org.hibernate.type.CharacterNCharType@2e26563a
2021-01-17 22:16:46.812 DEBUG 16992 --- [    Test worker] org.hibernate.type.BasicTypeRegistry     : Adding type registration url -> org.hibernate.type.UrlType@58b8e38e
2021-01-17 22:16:46.812 DEBUG 16992 --- [    Test worker] org.hibernate.type.BasicTypeRegistry     : Adding type registration java.net.URL -> org.hibernate.type.UrlType@58b8e38e
2021-01-17 22:16:46.812 DEBUG 16992 --- [    Test worker] org.hibernate.type.BasicTypeRegistry     : Adding type registration Duration -> org.hibernate.type.DurationType@4a1a7950
2021-01-17 22:16:46.812 DEBUG 16992 --- [    Test worker] org.hibernate.type.BasicTypeRegistry     : Adding type registration java.time.Duration -> org.hibernate.type.DurationType@4a1a7950
2021-01-17 22:16:46.817 DEBUG 16992 --- [    Test worker] org.hibernate.type.BasicTypeRegistry     : Adding type registration Instant -> org.hibernate.type.InstantType@7d1c9ab2
2021-01-17 22:16:46.817 DEBUG 16992 --- [    Test worker] org.hibernate.type.BasicTypeRegistry     : Adding type registration java.time.Instant -> org.hibernate.type.InstantType@7d1c9ab2
2021-01-17 22:16:46.822 DEBUG 16992 --- [    Test worker] org.hibernate.type.BasicTypeRegistry     : Adding type registration LocalDateTime -> org.hibernate.type.LocalDateTimeType@193cdedd
2021-01-17 22:16:46.822 DEBUG 16992 --- [    Test worker] org.hibernate.type.BasicTypeRegistry     : Adding type registration java.time.LocalDateTime -> org.hibernate.type.LocalDateTimeType@193cdedd
2021-01-17 22:16:46.827 DEBUG 16992 --- [    Test worker] org.hibernate.type.BasicTypeRegistry     : Adding type registration LocalDate -> org.hibernate.type.LocalDateType@497799cc
2021-01-17 22:16:46.827 DEBUG 16992 --- [    Test worker] org.hibernate.type.BasicTypeRegistry     : Adding type registration java.time.LocalDate -> org.hibernate.type.LocalDateType@497799cc
2021-01-17 22:16:46.832 DEBUG 16992 --- [    Test worker] org.hibernate.type.BasicTypeRegistry     : Adding type registration LocalTime -> org.hibernate.type.LocalTimeType@1706083a
2021-01-17 22:16:46.832 DEBUG 16992 --- [    Test worker] org.hibernate.type.BasicTypeRegistry     : Adding type registration java.time.LocalTime -> org.hibernate.type.LocalTimeType@1706083a
2021-01-17 22:16:46.837 DEBUG 16992 --- [    Test worker] org.hibernate.type.BasicTypeRegistry     : Adding type registration OffsetDateTime -> org.hibernate.type.OffsetDateTimeType@39e0e222
2021-01-17 22:16:46.837 DEBUG 16992 --- [    Test worker] org.hibernate.type.BasicTypeRegistry     : Adding type registration java.time.OffsetDateTime -> org.hibernate.type.OffsetDateTimeType@39e0e222
2021-01-17 22:16:46.847 DEBUG 16992 --- [    Test worker] org.hibernate.type.BasicTypeRegistry     : Adding type registration OffsetTime -> org.hibernate.type.OffsetTimeType@56968ffd
2021-01-17 22:16:46.847 DEBUG 16992 --- [    Test worker] org.hibernate.type.BasicTypeRegistry     : Adding type registration java.time.OffsetTime -> org.hibernate.type.OffsetTimeType@56968ffd
2021-01-17 22:16:46.852 DEBUG 16992 --- [    Test worker] org.hibernate.type.BasicTypeRegistry     : Adding type registration ZonedDateTime -> org.hibernate.type.ZonedDateTimeType@285ec9a5
2021-01-17 22:16:46.852 DEBUG 16992 --- [    Test worker] org.hibernate.type.BasicTypeRegistry     : Adding type registration java.time.ZonedDateTime -> org.hibernate.type.ZonedDateTimeType@285ec9a5
2021-01-17 22:16:46.857 DEBUG 16992 --- [    Test worker] org.hibernate.type.BasicTypeRegistry     : Adding type registration date -> org.hibernate.type.DateType@3f21b26a
2021-01-17 22:16:46.857 DEBUG 16992 --- [    Test worker] org.hibernate.type.BasicTypeRegistry     : Adding type registration java.sql.Date -> org.hibernate.type.DateType@3f21b26a
2021-01-17 22:16:46.862 DEBUG 16992 --- [    Test worker] org.hibernate.type.BasicTypeRegistry     : Adding type registration time -> org.hibernate.type.TimeType@17100eb7
2021-01-17 22:16:46.862 DEBUG 16992 --- [    Test worker] org.hibernate.type.BasicTypeRegistry     : Adding type registration java.sql.Time -> org.hibernate.type.TimeType@17100eb7
2021-01-17 22:16:46.867 DEBUG 16992 --- [    Test worker] org.hibernate.type.BasicTypeRegistry     : Adding type registration timestamp -> org.hibernate.type.TimestampType@2ba1fc68
2021-01-17 22:16:46.867 DEBUG 16992 --- [    Test worker] org.hibernate.type.BasicTypeRegistry     : Adding type registration java.sql.Timestamp -> org.hibernate.type.TimestampType@2ba1fc68
2021-01-17 22:16:46.867 DEBUG 16992 --- [    Test worker] org.hibernate.type.BasicTypeRegistry     : Adding type registration java.util.Date -> org.hibernate.type.TimestampType@2ba1fc68
2021-01-17 22:16:46.872 DEBUG 16992 --- [    Test worker] org.hibernate.type.BasicTypeRegistry     : Adding type registration dbtimestamp -> org.hibernate.type.DbTimestampType@7445f62d
2021-01-17 22:16:46.878 DEBUG 16992 --- [    Test worker] org.hibernate.type.BasicTypeRegistry     : Adding type registration calendar -> org.hibernate.type.CalendarType@1856b397
2021-01-17 22:16:46.879 DEBUG 16992 --- [    Test worker] org.hibernate.type.BasicTypeRegistry     : Adding type registration java.util.Calendar -> org.hibernate.type.CalendarType@1856b397
2021-01-17 22:16:46.880 DEBUG 16992 --- [    Test worker] org.hibernate.type.BasicTypeRegistry     : Adding type registration java.util.GregorianCalendar -> org.hibernate.type.CalendarType@1856b397
2021-01-17 22:16:46.880 DEBUG 16992 --- [    Test worker] org.hibernate.type.BasicTypeRegistry     : Adding type registration calendar_date -> org.hibernate.type.CalendarDateType@5951b9da
2021-01-17 22:16:46.880 DEBUG 16992 --- [    Test worker] org.hibernate.type.BasicTypeRegistry     : Adding type registration calendar_time -> org.hibernate.type.CalendarTimeType@32a3cfba
2021-01-17 22:16:46.880 DEBUG 16992 --- [    Test worker] org.hibernate.type.BasicTypeRegistry     : Adding type registration locale -> org.hibernate.type.LocaleType@30c3bc3c
2021-01-17 22:16:46.880 DEBUG 16992 --- [    Test worker] org.hibernate.type.BasicTypeRegistry     : Adding type registration java.util.Locale -> org.hibernate.type.LocaleType@30c3bc3c
2021-01-17 22:16:46.887 DEBUG 16992 --- [    Test worker] org.hibernate.type.BasicTypeRegistry     : Adding type registration currency -> org.hibernate.type.CurrencyType@6bbfaa9d
2021-01-17 22:16:46.887 DEBUG 16992 --- [    Test worker] org.hibernate.type.BasicTypeRegistry     : Adding type registration java.util.Currency -> org.hibernate.type.CurrencyType@6bbfaa9d
2021-01-17 22:16:46.887 DEBUG 16992 --- [    Test worker] org.hibernate.type.BasicTypeRegistry     : Adding type registration timezone -> org.hibernate.type.TimeZoneType@7db3eb36
2021-01-17 22:16:46.892 DEBUG 16992 --- [    Test worker] org.hibernate.type.BasicTypeRegistry     : Adding type registration java.util.TimeZone -> org.hibernate.type.TimeZoneType@7db3eb36
2021-01-17 22:16:46.892 DEBUG 16992 --- [    Test worker] org.hibernate.type.BasicTypeRegistry     : Adding type registration class -> org.hibernate.type.ClassType@5dd2225d
2021-01-17 22:16:46.892 DEBUG 16992 --- [    Test worker] org.hibernate.type.BasicTypeRegistry     : Adding type registration java.lang.Class -> org.hibernate.type.ClassType@5dd2225d
2021-01-17 22:16:46.897 DEBUG 16992 --- [    Test worker] org.hibernate.type.BasicTypeRegistry     : Adding type registration uuid-binary -> org.hibernate.type.UUIDBinaryType@135625a5
2021-01-17 22:16:46.897 DEBUG 16992 --- [    Test worker] org.hibernate.type.BasicTypeRegistry     : Adding type registration java.util.UUID -> org.hibernate.type.UUIDBinaryType@135625a5
2021-01-17 22:16:46.897 DEBUG 16992 --- [    Test worker] org.hibernate.type.BasicTypeRegistry     : Adding type registration uuid-char -> org.hibernate.type.UUIDCharType@75d741a
2021-01-17 22:16:46.897 DEBUG 16992 --- [    Test worker] org.hibernate.type.BasicTypeRegistry     : Adding type registration binary -> org.hibernate.type.BinaryType@3061986b
2021-01-17 22:16:46.897 DEBUG 16992 --- [    Test worker] org.hibernate.type.BasicTypeRegistry     : Adding type registration byte[] -> org.hibernate.type.BinaryType@3061986b
2021-01-17 22:16:46.897 DEBUG 16992 --- [    Test worker] org.hibernate.type.BasicTypeRegistry     : Adding type registration [B -> org.hibernate.type.BinaryType@3061986b
2021-01-17 22:16:46.903 DEBUG 16992 --- [    Test worker] org.hibernate.type.BasicTypeRegistry     : Adding type registration wrapper-binary -> org.hibernate.type.WrapperBinaryType@321d5c00
2021-01-17 22:16:46.903 DEBUG 16992 --- [    Test worker] org.hibernate.type.BasicTypeRegistry     : Adding type registration Byte[] -> org.hibernate.type.WrapperBinaryType@321d5c00
2021-01-17 22:16:46.904 DEBUG 16992 --- [    Test worker] org.hibernate.type.BasicTypeRegistry     : Adding type registration [Ljava.lang.Byte; -> org.hibernate.type.WrapperBinaryType@321d5c00
2021-01-17 22:16:46.907 DEBUG 16992 --- [    Test worker] org.hibernate.type.BasicTypeRegistry     : Adding type registration row_version -> org.hibernate.type.RowVersionType@129d68ae
2021-01-17 22:16:46.907 DEBUG 16992 --- [    Test worker] org.hibernate.type.BasicTypeRegistry     : Adding type registration image -> org.hibernate.type.ImageType@3b187d6
2021-01-17 22:16:46.907 DEBUG 16992 --- [    Test worker] org.hibernate.type.BasicTypeRegistry     : Adding type registration characters -> org.hibernate.type.CharArrayType@30f04708
2021-01-17 22:16:46.907 DEBUG 16992 --- [    Test worker] org.hibernate.type.BasicTypeRegistry     : Adding type registration char[] -> org.hibernate.type.CharArrayType@30f04708
2021-01-17 22:16:46.907 DEBUG 16992 --- [    Test worker] org.hibernate.type.BasicTypeRegistry     : Adding type registration [C -> org.hibernate.type.CharArrayType@30f04708
2021-01-17 22:16:46.912 DEBUG 16992 --- [    Test worker] org.hibernate.type.BasicTypeRegistry     : Adding type registration wrapper-characters -> org.hibernate.type.CharacterArrayType@34b7825
2021-01-17 22:16:46.912 DEBUG 16992 --- [    Test worker] org.hibernate.type.BasicTypeRegistry     : Adding type registration [Ljava.lang.Character; -> org.hibernate.type.CharacterArrayType@34b7825
2021-01-17 22:16:46.912 DEBUG 16992 --- [    Test worker] org.hibernate.type.BasicTypeRegistry     : Adding type registration Character[] -> org.hibernate.type.CharacterArrayType@34b7825
2021-01-17 22:16:46.912 DEBUG 16992 --- [    Test worker] org.hibernate.type.BasicTypeRegistry     : Adding type registration text -> org.hibernate.type.TextType@22901368
2021-01-17 22:16:46.917 DEBUG 16992 --- [    Test worker] org.hibernate.type.BasicTypeRegistry     : Adding type registration ntext -> org.hibernate.type.NTextType@43042911
2021-01-17 22:16:46.917 DEBUG 16992 --- [    Test worker] org.hibernate.type.BasicTypeRegistry     : Adding type registration blob -> org.hibernate.type.BlobType@5d251d5a
2021-01-17 22:16:46.917 DEBUG 16992 --- [    Test worker] org.hibernate.type.BasicTypeRegistry     : Adding type registration java.sql.Blob -> org.hibernate.type.BlobType@5d251d5a
2021-01-17 22:16:46.922 DEBUG 16992 --- [    Test worker] org.hibernate.type.BasicTypeRegistry     : Adding type registration materialized_blob -> org.hibernate.type.MaterializedBlobType@14aa54b2
2021-01-17 22:16:46.927 DEBUG 16992 --- [    Test worker] org.hibernate.type.BasicTypeRegistry     : Adding type registration clob -> org.hibernate.type.ClobType@3b357f69
2021-01-17 22:16:46.927 DEBUG 16992 --- [    Test worker] org.hibernate.type.BasicTypeRegistry     : Adding type registration java.sql.Clob -> org.hibernate.type.ClobType@3b357f69
2021-01-17 22:16:46.927 DEBUG 16992 --- [    Test worker] org.hibernate.type.BasicTypeRegistry     : Adding type registration nclob -> org.hibernate.type.NClobType@23b881e5
2021-01-17 22:16:46.927 DEBUG 16992 --- [    Test worker] org.hibernate.type.BasicTypeRegistry     : Adding type registration java.sql.NClob -> org.hibernate.type.NClobType@23b881e5
2021-01-17 22:16:46.933 DEBUG 16992 --- [    Test worker] org.hibernate.type.BasicTypeRegistry     : Adding type registration materialized_clob -> org.hibernate.type.MaterializedClobType@34919af3
2021-01-17 22:16:46.934 DEBUG 16992 --- [    Test worker] org.hibernate.type.BasicTypeRegistry     : Adding type registration materialized_nclob -> org.hibernate.type.MaterializedNClobType@52e8358a
2021-01-17 22:16:46.937 DEBUG 16992 --- [    Test worker] org.hibernate.type.BasicTypeRegistry     : Adding type registration serializable -> org.hibernate.type.SerializableType@d09c3df
2021-01-17 22:16:46.942 DEBUG 16992 --- [    Test worker] org.hibernate.type.BasicTypeRegistry     : Adding type registration object -> org.hibernate.type.ObjectType@3726a137
2021-01-17 22:16:46.942 DEBUG 16992 --- [    Test worker] org.hibernate.type.BasicTypeRegistry     : Adding type registration java.lang.Object -> org.hibernate.type.ObjectType@3726a137
2021-01-17 22:16:46.942 DEBUG 16992 --- [    Test worker] org.hibernate.type.BasicTypeRegistry     : Adding type registration imm_date -> org.hibernate.type.AdaptedImmutableType@23c5a9aa
2021-01-17 22:16:46.947 DEBUG 16992 --- [    Test worker] org.hibernate.type.BasicTypeRegistry     : Adding type registration imm_time -> org.hibernate.type.AdaptedImmutableType@59827d1a
2021-01-17 22:16:46.947 DEBUG 16992 --- [    Test worker] org.hibernate.type.BasicTypeRegistry     : Adding type registration imm_timestamp -> org.hibernate.type.AdaptedImmutableType@5916b8cc
2021-01-17 22:16:46.947 DEBUG 16992 --- [    Test worker] org.hibernate.type.BasicTypeRegistry     : Adding type registration imm_dbtimestamp -> org.hibernate.type.AdaptedImmutableType@3c465514
2021-01-17 22:16:46.947 DEBUG 16992 --- [    Test worker] org.hibernate.type.BasicTypeRegistry     : Adding type registration imm_calendar -> org.hibernate.type.AdaptedImmutableType@324023cf
2021-01-17 22:16:46.947 DEBUG 16992 --- [    Test worker] org.hibernate.type.BasicTypeRegistry     : Adding type registration imm_calendar_date -> org.hibernate.type.AdaptedImmutableType@7860f230
2021-01-17 22:16:46.947 DEBUG 16992 --- [    Test worker] org.hibernate.type.BasicTypeRegistry     : Adding type registration imm_binary -> org.hibernate.type.AdaptedImmutableType@14dce528
2021-01-17 22:16:46.952 DEBUG 16992 --- [    Test worker] org.hibernate.type.BasicTypeRegistry     : Adding type registration imm_serializable -> org.hibernate.type.AdaptedImmutableType@1a3cec52
2021-01-17 22:16:47.067  INFO 16992 --- [    Test worker] com.zaxxer.hikari.HikariDataSource       : HikariPool-1 - Starting...
2021-01-17 22:16:47.477  INFO 16992 --- [    Test worker] com.zaxxer.hikari.HikariDataSource       : HikariPool-1 - Start completed.
2021-01-17 22:16:47.512  INFO 16992 --- [    Test worker] org.hibernate.dialect.Dialect            : HHH000400: Using dialect: org.hibernate.dialect.MySQL5InnoDBDialect
2021-01-17 22:16:47.792 DEBUG 16992 --- [    Test worker] o.h.type.spi.TypeConfiguration$Scope     : Scoping TypeConfiguration [org.hibernate.type.spi.TypeConfiguration@a5f9d1e] to MetadataBuildingContext [org.hibernate.boot.internal.MetadataBuildingContextRootImpl@34faf046]
2021-01-17 22:16:48.382 DEBUG 16992 --- [    Test worker] o.h.type.spi.TypeConfiguration$Scope     : Scoping TypeConfiguration [org.hibernate.type.spi.TypeConfiguration@a5f9d1e] to SessionFactoryImpl [org.hibernate.internal.SessionFactoryImpl@5516e621]
2021-01-17 22:16:49.852  INFO 16992 --- [    Test worker] o.h.e.t.j.p.i.JtaPlatformInitiator       : HHH000490: Using JtaPlatform implementation: [org.hibernate.engine.transaction.jta.platform.internal.NoJtaPlatform]
2021-01-17 22:16:49.872 TRACE 16992 --- [    Test worker] o.h.type.spi.TypeConfiguration$Scope     : Handling #sessionFactoryCreated from [org.hibernate.internal.SessionFactoryImpl@5516e621] for TypeConfiguration
2021-01-17 22:16:49.877  INFO 16992 --- [    Test worker] j.LocalContainerEntityManagerFactoryBean : Initialized JPA EntityManagerFactory for persistence unit 'default'
2021-01-17 22:16:51.497  WARN 16992 --- [    Test worker] JpaBaseConfiguration$JpaWebConfiguration : spring.jpa.open-in-view is enabled by default. Therefore, database queries may be performed during view rendering. Explicitly configure spring.jpa.open-in-view to disable this warning
2021-01-17 22:16:52.965  INFO 16992 --- [    Test worker] o.s.s.concurrent.ThreadPoolTaskExecutor  : Initializing ExecutorService 'applicationTaskExecutor'
2021-01-17 22:16:53.352  INFO 16992 --- [    Test worker] o.s.b.a.w.s.WelcomePageHandlerMapping    : Adding welcome page template: index
2021-01-17 22:16:54.722  INFO 16992 --- [    Test worker] c.c.Pokedex.PokedexApplicationTests      : Started PokedexApplicationTests in 12.906 seconds (JVM running for 15.745)
]]></system-out>
  <system-err><![CDATA[]]></system-err>
</testsuite>
